<?xml version="1.0" encoding="UTF-8"?>
<!-- Generated by org.testng.reporters.JUnitReportReporter -->
<testsuite skipped="0" hostname="LAPTOP-9GVIJ250" name="ExtentReport.ExtentReport.OpenURL" tests="2" failures="0" timestamp="11 Apr 2019 11:15:39 GMT" time="7.143" errors="0">
  <testcase name="checkTitle" time="0.015" classname="ExtentReport.ExtentReport.OpenURL"/>
  <testcase name="Openbrowser" time="7.128" classname="ExtentReport.ExtentReport.OpenURL"/>
</testsuite> <!-- ExtentReport.ExtentReport.OpenURL -->
