<?xml version="1.0" encoding="UTF-8"?>
<!-- Generated by org.testng.reporters.JUnitReportReporter -->
<testsuite skipped="0" hostname="LAPTOP-O5FQNM4O" name="ExtentReport.ExtentReport.OpenURL" tests="2" failures="0" timestamp="16 Apr 2019 08:42:18 GMT" time="8.947" errors="0">
  <testcase name="Openbrowser" time="8.838" classname="ExtentReport.ExtentReport.OpenURL"/>
  <testcase name="checkTitle" time="0.109" classname="ExtentReport.ExtentReport.OpenURL"/>
</testsuite> <!-- ExtentReport.ExtentReport.OpenURL -->
